shimmer-android-example/build/outputs/logs/manifest-merger-debug-report.txt
-- Merging decision tree log ---
manifest
ADDED from src\main\AndroidManifest.xml:2:1-25:12
	package
		ADDED from src\main\AndroidManifest.xml:4:5-43
	android:versionName
		ADDED from src\main\AndroidManifest.xml:6:5-30
		INJECTED from src\main\AndroidManifest.xml
		INJECTED from src\main\AndroidManifest.xml
	android:versionCode
		ADDED from src\main\AndroidManifest.xml:5:5-28
		INJECTED from src\main\AndroidManifest.xml
		INJECTED from src\main\AndroidManifest.xml
	xmlns:android
		ADDED from src\main\AndroidManifest.xml:3:5-63
uses-sdk
ADDED from src\main\AndroidManifest.xml:7:3-8:41
MERGED from [SocketConnection:shimmer-android:unspecified] AndroidManifest.xml:7:5-9:41
	android:targetSdkVersion
		ADDED from src\main\AndroidManifest.xml:7:13-42
		INJECTED from src\main\AndroidManifest.xml
		INJECTED from src\main\AndroidManifest.xml
	android:minSdkVersion
		ADDED from src\main\AndroidManifest.xml:8:13-39
		INJECTED from src\main\AndroidManifest.xml
		INJECTED from src\main\AndroidManifest.xml
application
ADDED from src\main\AndroidManifest.xml:9:3-24:17
	android:label
		ADDED from src\main\AndroidManifest.xml:10:7-39
	android:hardwareAccelerated
		ADDED from src\main\AndroidManifest.xml:11:7-41
	android:allowBackup
		ADDED from src\main\AndroidManifest.xml:12:7-34
	android:icon
		ADDED from src\main\AndroidManifest.xml:13:7-36
activity#com.facebook.shimmer.example.MainActivity
ADDED from src\main\AndroidManifest.xml:15:5-23:16
	android:label
		ADDED from src\main\AndroidManifest.xml:18:9-41
	android:theme
		ADDED from src\main\AndroidManifest.xml:17:9-62
	android:name
		ADDED from src\main\AndroidManifest.xml:16:9-37
intent-filter#android.intent.action.MAIN+android.intent.category.LAUNCHER
ADDED from src\main\AndroidManifest.xml:19:7-22:23
action#android.intent.action.MAIN
ADDED from src\main\AndroidManifest.xml:20:9-60
	android:name
		ADDED from src\main\AndroidManifest.xml:20:17-58
category#android.intent.category.LAUNCHER
ADDED from src\main\AndroidManifest.xml:21:9-68
	android:name
		ADDED from src\main\AndroidManifest.xml:21:19-66